\BOOKMARK [0][-]{section*.2}{\376\377\000P\000r\000e\000p\000a\000r\000i\000n\000g\000\040\000F\000o\000r\000\040\000T\000h\000e\000\040\000L\000a\000n\000d\000i\000n\000g}{}% 2
\BOOKMARK [1][-]{section*.1}{\376\377\000A\000b\000s\000t\000r\000a\000c\000t}{section*.2}% 1
\BOOKMARK [1][-]{section*.3}{\376\377\000I\000n\000t\000r\000o\000d\000u\000c\000t\000i\000o\000n}{section*.2}% 3
\BOOKMARK [1][-]{section*.4}{\376\377\000T\000h\000e\000o\000r\000y}{section*.2}% 4
\BOOKMARK [1][-]{section*.5}{\376\377\000M\000e\000t\000h\000o\000d}{section*.2}% 5
\BOOKMARK [1][-]{section*.6}{\376\377\000R\000e\000s\000u\000l\000t\000s}{section*.2}% 6
\BOOKMARK [2][-]{section*.7}{\376\377\000S\000p\000e\000c\000t\000r\000a\000l\000\040\000A\000n\000a\000l\000y\000s\000i\000s\000\040\000o\000f\000\040\000t\000h\000e\000\040\000A\000t\000m\000o\000s\000p\000h\000e\000r\000e}{section*.6}% 7
\BOOKMARK [2][-]{section*.8}{\376\377\000M\000o\000d\000e\000l\000\040\000o\000f\000\040\000P\000l\000a\000n\000e\000t\000\040\000A\000t\000m\000o\000s\000p\000h\000e\000r\000e}{section*.6}% 8
\BOOKMARK [2][-]{section*.9}{\376\377\000L\000o\000w\000e\000r\000i\000n\000g\000\040\000t\000h\000e\000\040\000o\000r\000b\000i\000t}{section*.6}% 9
\BOOKMARK [2][-]{section*.10}{\376\377\000F\000i\000n\000d\000i\000n\000g\000\040\000l\000a\000n\000d\000i\000n\000g\000\040\000s\000i\000t\000e\000s}{section*.6}% 10
\BOOKMARK [1][-]{section*.11}{\376\377\000D\000i\000s\000c\000u\000s\000s\000i\000o\000n}{section*.2}% 11
\BOOKMARK [2][-]{section*.12}{\376\377\000S\000p\000e\000c\000t\000r\000a\000l\000\040\000L\000i\000n\000e\000\040\000A\000n\000a\000l\000y\000s\000i\000s}{section*.11}% 12
\BOOKMARK [3][-]{section*.13}{\376\377\000\040\000O\0002\000\040}{section*.12}% 13
\BOOKMARK [3][-]{section*.14}{\376\377\000\040\000H\0002\000O\000\040}{section*.12}% 14
\BOOKMARK [3][-]{section*.15}{\376\377\000\040\000C\000O\0002\000\040}{section*.12}% 15
\BOOKMARK [3][-]{section*.16}{\376\377\000\040\000C\000H\0004\000\040}{section*.12}% 16
\BOOKMARK [3][-]{section*.17}{\376\377\000\040\000C\000O\000\040}{section*.12}% 17
\BOOKMARK [3][-]{section*.18}{\376\377\000\040\000N\0002\000O\000\040}{section*.12}% 18
\BOOKMARK [2][-]{section*.19}{\376\377\000L\000o\000w\000e\000r\000i\000n\000g\000\040\000t\000h\000e\000\040\000o\000r\000b\000i\000t}{section*.11}% 19
\BOOKMARK [2][-]{section*.20}{\376\377\000F\000i\000n\000d\000i\000n\000g\000\040\000l\000a\000n\000d\000i\000n\000g\000\040\000s\000i\000t\000e\000s}{section*.11}% 20
\BOOKMARK [1][-]{section*.21}{\376\377\000C\000o\000n\000c\000l\000u\000s\000i\000o\000n}{section*.2}% 21
\BOOKMARK [2][-]{section*.22}{\376\377\000A\000t\000m\000o\000s\000p\000h\000e\000r\000e\000\040\000c\000o\000m\000p\000o\000s\000i\000t\000i\000o\000n}{section*.21}% 22
\BOOKMARK [2][-]{section*.23}{\376\377\000F\000i\000n\000d\000i\000n\000g\000\040\000l\000a\000n\000d\000i\000n\000g\000\040\000s\000i\000t\000e\000s\000\040\000f\000r\000o\000m\000\040\000l\000o\000w\000e\000r\000\040\000o\000r\000b\000i\000t}{section*.21}% 23
\BOOKMARK [1][-]{section*.24}{\376\377\000A\000p\000p\000e\000n\000d\000i\000x}{section*.2}% 24
\BOOKMARK [2][-]{section*.25}{\376\377\000C\000a\000l\000c\000u\000l\000a\000t\000i\000o\000n\000\040\000o\000f\000\040\000t\000h\000e\000\040\000H\000o\000h\000m\000a\000n\000n\000\040\000t\000r\000a\000n\000s\000f\000e\000r\000\040\000o\000r\000b\000i\000t}{section*.24}% 25
\BOOKMARK [2][-]{section*.26}{\376\377\000P\000o\000t\000e\000n\000t\000i\000a\000l\000\040\000L\000a\000n\000d\000i\000n\000g\000\040\000s\000i\000t\000e\000s}{section*.24}% 26
\BOOKMARK [1][-]{section*.27}{\376\377\000A\000C\000K\000N\000O\000W\000L\000E\000D\000G\000M\000E\000N\000T\000S}{section*.2}% 27
\BOOKMARK [1][-]{section*.28}{\376\377\000R\000e\000f\000e\000r\000e\000n\000c\000e\000s}{section*.2}% 28
