This is pdfTeX, Version 3.141592653-2.6-1.40.22 (TeX Live 2021) (preloaded format=pdflatex 2022.2.21)  5 DEC 2022 23:36
entering extended mode
 restricted \write18 enabled.
 file:line:error style messages enabled.
 %&-line parsing enabled.
**Report_Part_6.tex

(/Users/jannikeschler/Documents/GitHub/AST2000/Project/Part 6/Report_Part_6.tex
LaTeX2e <2020-10-01> patch level 4
L3 programming layer <2021-02-18>
(/usr/local/texlive/2021/texmf-dist/tex/latex/revtex/revtex4-2.cls
Document Class: revtex4-2 2020/10/03 4.2e (https://journals.aps.org/revtex/ for
 documentation)
 Copyright (c) 2019 American Physical Society.
 mailto:revtex@aps.org
 Licensed under the LPPL:
http://www.ctan.org/tex-archive/macros/latex/base/lppl.txt
 Arthur Ogawa <arthur_ogawa at sbcglobal dot net>
 Based on work by David Carlisle <david at dcarlisle.demon.co.uk>
 Version (4.2d,4.2e): Modified by Mark Doyle and Phelype Oleinik
 .
ltxutil[2020/10/03 4.2e utilities package (portions licensed from W. E. Baxter 
web at superscript.com)]
LaTeX Info: Redefining \@centercr on input line 356.
Class revtex4-2 Info: Repairing broken LaTeX eqnarray on input line 406.
\eqncolsep=\skip47
Class revtex4-2 Info: Repairing hyperref-unfriendly LaTeX definition of \mpfoot
note on input line 481.
Class revtex4-2 Info: Repairing broken LateX \@sect on input line 803.
\intertabularlinepenalty=\count179
\@tbpen=\count180
\@arstrutbox@hline=\box47
Class revtex4-2 Info: Repairing broken LaTeX \@xbitor on input line 1834.
Class revtex4-2 Info: Making \typeout \long on input line 2099.
ltxfront[2020/10/03 4.2e frontmatter package (AO,DPC,MD)]
\c@affil=\count181
\c@collab=\count182
\absbox=\box48
ltxgrid[2020/10/03 4.2e page grid package (portions licensed from W. E. Baxter 
web at superscript.com)]
\c@linecount=\count183
\output@latex=\toks15
\box@size@1=\box49
\box@size@2=\box50
\@protection@box=\box51
\@topmark@saved=\toks16
\footins@saved=\box52
\footins@recovered=\box53
\column@recovered=\box54
\pagesofar=\box55
\footsofar=\box56
\pagegrid@col=\count184
Class revtex4-2 Info: Overriding \@vspace, \@vspacer, \@no@pgbk, \@newline, and
 \\  on input line 5665.
\c@part=\count185
\c@section=\count186
\c@subsection=\count187
\c@subsubsection=\count188
\c@paragraph=\count189
\c@subparagraph=\count190
\abovecaptionskip=\skip48
\belowcaptionskip=\skip49
\c@figure=\count191
\fbox@1=\box57
\c@table=\count192
\fbox@2=\box58
\c@video=\count193
\fbox@4=\box59
\@bibdataout=\write3
\widetext@top=\box60
\widetext@bot=\box61

Class revtex4-2 Warning: No Society specified, using default society aps.

(/usr/local/texlive/2021/texmf-dist/tex/latex/revtex/aps4-2.rtx
File: aps4-2 2020/10/03 4.2e (https://journals.aps.org/revtex/ for documentatio
n)
Class revtex4-2 Info: RevTeX society APS selected on input line 40.
)

Class revtex4-2 Warning: No journal specified, using default pra.

Class revtex4-2 Info: APS journal PRA selected on input line 7661.
(/usr/local/texlive/2021/texmf-dist/tex/latex/revtex/aps10pt4-2.rtx
File: aps10pt4-2 2020/10/03 4.2e (https://journals.aps.org/revtex/ for document
ation)
Class revtex4-2 Info: RevTeX pointsize 10pt selected on input line 39.
)
(/usr/local/texlive/2021/texmf-dist/tex/latex/textcase/textcase.sty
Package: textcase 2019/09/14 v1.00 Text only upper/lower case changing (DPC)
)
(/usr/local/texlive/2021/texmf-dist/tex/latex/url/url.sty
\Urlmuskip=\muskip16
Package: url 2013/09/16  ver 3.4  Verb mode for urls, etc.
)
(/usr/local/texlive/2021/texmf-dist/tex/latex/natbib/natbib.sty
Package: natbib 2010/09/13 8.31b (PWD, AO)
\bibhang=\skip50
\bibsep=\skip51
LaTeX Info: Redefining \cite on input line 694.
\c@NAT@ctr=\count194
)
Class revtex4-2 Info: Repairing natbib's \BibitemShut on input line 7665.

(/usr/local/texlive/2021/texmf-dist/tex/latex/revtex/revsymb4-2.sty
Package: revsymb4-2 2020/10/03 4.2e (https://journals.aps.org/revtex/ for docum
entation)
LaTeX Info: Redefining \REV@mathfrak on input line 128.
))
(/usr/local/texlive/2021/texmf-dist/tex/latex/amsmath/amsmath.sty
Package: amsmath 2020/09/23 v2.17i AMS math features
\@mathmargin=\skip52

For additional information on amsmath, use the `?' option.
(/usr/local/texlive/2021/texmf-dist/tex/latex/amsmath/amstext.sty
Package: amstext 2000/06/29 v2.01 AMS text

(/usr/local/texlive/2021/texmf-dist/tex/latex/amsmath/amsgen.sty
File: amsgen.sty 1999/11/30 v2.0 generic functions
\@emptytoks=\toks17
\ex@=\dimen138
)
LaTeX Info: Redefining \text on input line 28.
)
(/usr/local/texlive/2021/texmf-dist/tex/latex/amsmath/amsbsy.sty
Package: amsbsy 1999/11/29 v1.2d Bold Symbols
\pmbraise@=\dimen139
)
(/usr/local/texlive/2021/texmf-dist/tex/latex/amsmath/amsopn.sty
Package: amsopn 2016/03/08 v2.02 operator names
)
\inf@bad=\count195
LaTeX Info: Redefining \frac on input line 234.
\uproot@=\count196
\leftroot@=\count197
LaTeX Info: Redefining \overline on input line 399.
\classnum@=\count198
\DOTSCASE@=\count199
LaTeX Info: Redefining \ldots on input line 496.
LaTeX Info: Redefining \dots on input line 499.
LaTeX Info: Redefining \cdots on input line 620.
\Mathstrutbox@=\box62
\strutbox@=\box63
\big@size=\dimen140
LaTeX Font Info:    Redeclaring font encoding OML on input line 743.
LaTeX Font Info:    Redeclaring font encoding OMS on input line 744.
\macc@depth=\count266
\c@MaxMatrixCols=\count267
\dotsspace@=\muskip17
\c@parentequation=\count268
\dspbrk@lvl=\count269
\tag@help=\toks18
\row@=\count270
\column@=\count271
\maxfields@=\count272
\andhelp@=\toks19
\eqnshift@=\dimen141
\alignsep@=\dimen142
\tagshift@=\dimen143
\tagwidth@=\dimen144
\totwidth@=\dimen145
\lineht@=\dimen146
\@envbody=\toks20
\multlinegap=\skip53
\multlinetaggap=\skip54
\mathdisplay@stack=\toks21
LaTeX Info: Redefining \[ on input line 2923.
LaTeX Info: Redefining \] on input line 2924.
)
(/usr/local/texlive/2021/texmf-dist/tex/latex/ucs/ucs.sty
Package: ucs 2013/05/11 v2.2 UCS: Unicode input support

(/usr/local/texlive/2021/texmf-dist/tex/latex/ucs/data/uni-global.def
File: uni-global.def 2013/05/13 UCS: Unicode global data
)
\uc@secondtry=\count273
\uc@combtoks=\toks22
\uc@combtoksb=\toks23
\uc@temptokena=\toks24
)
(/usr/local/texlive/2021/texmf-dist/tex/latex/base/inputenc.sty
Package: inputenc 2020/08/01 v1.3d Input encoding file
\inpenc@prehook=\toks25
\inpenc@posthook=\toks26

(/usr/local/texlive/2021/texmf-dist/tex/latex/ucs/utf8x.def
File: utf8x.def 2004/10/17 UCS: Input encoding UTF-8
))
(/usr/local/texlive/2021/texmf-dist/tex/generic/babel/babel.sty
Package: babel 2021/03/24 3.56 The Babel package

(/usr/local/texlive/2021/texmf-dist/tex/generic/babel/babel.def
File: babel.def 2021/03/24 3.56 Babel common definitions
\babel@savecnt=\count274
\U@D=\dimen147
\l@babelnohyphens=\language87

(/usr/local/texlive/2021/texmf-dist/tex/generic/babel/txtbabel.def)
\bbl@readstream=\read2
)
\bbl@dirlevel=\count275

(/usr/local/texlive/2021/texmf-dist/tex/generic/babel-english/english.ldf
Language: english 2017/06/06 v3.3r English support from the babel system
Package babel Info: \l@canadian = using hyphenrules for english
(babel)             (\language0) on input line 102.
Package babel Info: \l@australian = using hyphenrules for ukenglish
(babel)             (\language21) on input line 105.
Package babel Info: \l@newzealand = using hyphenrules for ukenglish
(babel)             (\language21) on input line 108.
))
(/usr/local/texlive/2021/texmf-dist/tex/latex/esint/esint.sty
Package: esint 
\symlargesymbolsA=\mathgroup4
)
(/usr/local/texlive/2021/texmf-dist/tex/latex/physics/physics.sty
Package: physics 

(/usr/local/texlive/2021/texmf-dist/tex/latex/l3packages/xparse/xparse.sty
(/usr/local/texlive/2021/texmf-dist/tex/latex/l3kernel/expl3.sty
Package: expl3 2021-02-18 L3 programming layer (loader) 

(/usr/local/texlive/2021/texmf-dist/tex/latex/l3backend/l3backend-pdftex.def
File: l3backend-pdftex.def 2021-03-18 L3 backend support: PDF output (pdfTeX)
\l__color_backend_stack_int=\count276
\l__pdf_internal_box=\box64
))
(/usr/local/texlive/2021/texmf-dist/tex/latex/l3packages/xparse/xparse-2020-10-
01.sty
(/usr/local/texlive/2021/texmf-dist/tex/latex/l3packages/xparse/xparse-generic.
tex)))) (/usr/local/texlive/2021/texmf-dist/tex/latex/amsfonts/amssymb.sty
Package: amssymb 2013/01/14 v3.01 AMS font symbols

(/usr/local/texlive/2021/texmf-dist/tex/latex/amsfonts/amsfonts.sty
Package: amsfonts 2013/01/14 v3.01 Basic AMSFonts support
\symAMSa=\mathgroup5
\symAMSb=\mathgroup6
LaTeX Font Info:    Redeclaring math symbol \hbar on input line 98.
LaTeX Font Info:    Overwriting math alphabet `\mathfrak' in version `bold'
(Font)                  U/euf/m/n --> U/euf/b/n on input line 106.
LaTeX Info: Redefining \frak on input line 111.
LaTeX Info: Redefining \Bbb on input line 113.
))
(/usr/local/texlive/2021/texmf-dist/tex/latex/graphics/graphicx.sty
Package: graphicx 2020/09/09 v1.2b Enhanced LaTeX Graphics (DPC,SPQR)

(/usr/local/texlive/2021/texmf-dist/tex/latex/graphics/keyval.sty
Package: keyval 2014/10/28 v1.15 key=value parser (DPC)
\KV@toks@=\toks27
)
(/usr/local/texlive/2021/texmf-dist/tex/latex/graphics/graphics.sty
Package: graphics 2020/08/30 v1.4c Standard LaTeX Graphics (DPC,SPQR)

(/usr/local/texlive/2021/texmf-dist/tex/latex/graphics/trig.sty
Package: trig 2016/01/03 v1.10 sin cos tan (DPC)
)
(/usr/local/texlive/2021/texmf-dist/tex/latex/graphics-cfg/graphics.cfg
File: graphics.cfg 2016/06/04 v1.11 sample graphics configuration
)
Package graphics Info: Driver file: pdftex.def on input line 105.

(/usr/local/texlive/2021/texmf-dist/tex/latex/graphics-def/pdftex.def
File: pdftex.def 2020/10/05 v1.2a Graphics/color driver for pdftex
))
\Gin@req@height=\dimen148
\Gin@req@width=\dimen149
)
(/usr/local/texlive/2021/texmf-dist/tex/latex/xcolor/xcolor.sty
Package: xcolor 2016/05/11 v2.12 LaTeX color extensions (UK)

(/usr/local/texlive/2021/texmf-dist/tex/latex/graphics-cfg/color.cfg
File: color.cfg 2016/01/02 v1.6 sample color configuration
)
Package xcolor Info: Driver file: pdftex.def on input line 225.
Package xcolor Info: Model `cmy' substituted by `cmy0' on input line 1348.
Package xcolor Info: Model `hsb' substituted by `rgb' on input line 1352.
Package xcolor Info: Model `RGB' extended on input line 1364.
Package xcolor Info: Model `HTML' substituted by `rgb' on input line 1366.
Package xcolor Info: Model `Hsb' substituted by `hsb' on input line 1367.
Package xcolor Info: Model `tHsb' substituted by `hsb' on input line 1368.
Package xcolor Info: Model `HSB' substituted by `hsb' on input line 1369.
Package xcolor Info: Model `Gray' substituted by `gray' on input line 1370.
Package xcolor Info: Model `wave' substituted by `hsb' on input line 1371.
)
(/usr/local/texlive/2021/texmf-dist/tex/latex/hyperref/hyperref.sty
Package: hyperref 2021-02-27 v7.00k Hypertext links for LaTeX

(/usr/local/texlive/2021/texmf-dist/tex/generic/ltxcmds/ltxcmds.sty
Package: ltxcmds 2020-05-10 v1.25 LaTeX kernel commands for general use (HO)
)
(/usr/local/texlive/2021/texmf-dist/tex/generic/iftex/iftex.sty
Package: iftex 2020/03/06 v1.0d TeX engine tests
)
(/usr/local/texlive/2021/texmf-dist/tex/generic/pdftexcmds/pdftexcmds.sty
Package: pdftexcmds 2020-06-27 v0.33 Utility functions of pdfTeX for LuaTeX (HO
)

(/usr/local/texlive/2021/texmf-dist/tex/generic/infwarerr/infwarerr.sty
Package: infwarerr 2019/12/03 v1.5 Providing info/warning/error messages (HO)
)
Package pdftexcmds Info: \pdf@primitive is available.
Package pdftexcmds Info: \pdf@ifprimitive is available.
Package pdftexcmds Info: \pdfdraftmode found.
)
(/usr/local/texlive/2021/texmf-dist/tex/generic/kvsetkeys/kvsetkeys.sty
Package: kvsetkeys 2019/12/15 v1.18 Key value parser (HO)
)
(/usr/local/texlive/2021/texmf-dist/tex/generic/kvdefinekeys/kvdefinekeys.sty
Package: kvdefinekeys 2019-12-19 v1.6 Define keys (HO)
)
(/usr/local/texlive/2021/texmf-dist/tex/generic/pdfescape/pdfescape.sty
Package: pdfescape 2019/12/09 v1.15 Implements pdfTeX's escape features (HO)
)
(/usr/local/texlive/2021/texmf-dist/tex/latex/hycolor/hycolor.sty
Package: hycolor 2020-01-27 v1.10 Color options for hyperref/bookmark (HO)
)
(/usr/local/texlive/2021/texmf-dist/tex/latex/letltxmacro/letltxmacro.sty
Package: letltxmacro 2019/12/03 v1.6 Let assignment for LaTeX macros (HO)
)
(/usr/local/texlive/2021/texmf-dist/tex/latex/auxhook/auxhook.sty
Package: auxhook 2019-12-17 v1.6 Hooks for auxiliary files (HO)
)
(/usr/local/texlive/2021/texmf-dist/tex/latex/kvoptions/kvoptions.sty
Package: kvoptions 2020-10-07 v3.14 Key value format for package options (HO)
)
\@linkdim=\dimen150
\Hy@linkcounter=\count277
\Hy@pagecounter=\count278

(/usr/local/texlive/2021/texmf-dist/tex/latex/hyperref/pd1enc.def
File: pd1enc.def 2021-02-27 v7.00k Hyperref: PDFDocEncoding definition (HO)
)
(/usr/local/texlive/2021/texmf-dist/tex/latex/hyperref/hyperref-langpatches.def
File: hyperref-langpatches.def 2021-02-27 v7.00k Hyperref: patches for babel la
nguages
) (/usr/local/texlive/2021/texmf-dist/tex/generic/intcalc/intcalc.sty
Package: intcalc 2019/12/15 v1.3 Expandable calculations with integers (HO)
)
(/usr/local/texlive/2021/texmf-dist/tex/generic/etexcmds/etexcmds.sty
Package: etexcmds 2019/12/15 v1.7 Avoid name clashes with e-TeX commands (HO)
)
\Hy@SavedSpaceFactor=\count279

(/usr/local/texlive/2021/texmf-dist/tex/latex/hyperref/puenc.def
File: puenc.def 2021-02-27 v7.00k Hyperref: PDF Unicode definition (HO)
)
Package hyperref Info: Hyper figures OFF on input line 4192.
Package hyperref Info: Link nesting OFF on input line 4197.
Package hyperref Info: Hyper index ON on input line 4200.
Package hyperref Info: Plain pages OFF on input line 4207.
Package hyperref Info: Backreferencing OFF on input line 4212.
Package hyperref Info: Implicit mode ON; LaTeX internals redefined.
Package hyperref Info: Bookmarks ON on input line 4445.
LaTeX Info: Redefining \href on input line 4715.
\c@Hy@tempcnt=\count280
LaTeX Info: Redefining \url on input line 4804.
\XeTeXLinkMargin=\dimen151

(/usr/local/texlive/2021/texmf-dist/tex/generic/bitset/bitset.sty
Package: bitset 2019/12/09 v1.3 Handle bit-vector datatype (HO)

(/usr/local/texlive/2021/texmf-dist/tex/generic/bigintcalc/bigintcalc.sty
Package: bigintcalc 2019/12/15 v1.5 Expandable calculations on big integers (HO
)
))
\Fld@menulength=\count281
\Field@Width=\dimen152
\Fld@charsize=\dimen153
Package hyperref Info: Hyper figures OFF on input line 6075.
Package hyperref Info: Link nesting OFF on input line 6080.
Package hyperref Info: Hyper index ON on input line 6083.
Package hyperref Info: backreferencing OFF on input line 6090.
Package hyperref Info: Link coloring OFF on input line 6095.
Package hyperref Info: Link coloring with OCG OFF on input line 6100.
Package hyperref Info: PDF/A mode OFF on input line 6105.
LaTeX Info: Redefining \ref on input line 6145.
LaTeX Info: Redefining \pageref on input line 6149.

(/usr/local/texlive/2021/texmf-dist/tex/latex/base/atbegshi-ltx.sty
Package: atbegshi-ltx 2020/08/17 v1.0a Emulation of the original atbegshi packa
ge
with kernel methods
)
\Hy@abspage=\count282
\c@Item=\count283
\c@Hfootnote=\count284
)
Package hyperref Info: Driver (autodetected): hpdftex.

(/usr/local/texlive/2021/texmf-dist/tex/latex/hyperref/hpdftex.def
File: hpdftex.def 2021-02-27 v7.00k Hyperref driver for pdfTeX

(/usr/local/texlive/2021/texmf-dist/tex/latex/base/atveryend-ltx.sty
Package: atveryend-ltx 2020/08/19 v1.0a Emulation of the original atvery packag
e
with kernel methods
)
\Fld@listcount=\count285
\c@bookmark@seq@number=\count286

(/usr/local/texlive/2021/texmf-dist/tex/latex/rerunfilecheck/rerunfilecheck.sty
Package: rerunfilecheck 2019/12/05 v1.9 Rerun checks for auxiliary files (HO)

(/usr/local/texlive/2021/texmf-dist/tex/generic/uniquecounter/uniquecounter.sty
Package: uniquecounter 2019/12/15 v1.4 Provide unlimited unique counter (HO)
)
Package uniquecounter Info: New unique counter `rerunfilecheck' on input line 2
86.
)
\Hy@SectionHShift=\skip55
) (/usr/local/texlive/2021/texmf-dist/tex/latex/listings/listings.sty
\lst@mode=\count287
\lst@gtempboxa=\box65
\lst@token=\toks28
\lst@length=\count288
\lst@currlwidth=\dimen154
\lst@column=\count289
\lst@pos=\count290
\lst@lostspace=\dimen155
\lst@width=\dimen156
\lst@newlines=\count291
\lst@lineno=\count292
\lst@maxwidth=\dimen157

(/usr/local/texlive/2021/texmf-dist/tex/latex/listings/lstmisc.sty
File: lstmisc.sty 2020/03/24 1.8d (Carsten Heinz)
\c@lstnumber=\count293
\lst@skipnumbers=\count294
\lst@framebox=\box66
)
(/usr/local/texlive/2021/texmf-dist/tex/latex/listings/listings.cfg
File: listings.cfg 2020/03/24 1.8d listings configuration
))
Package: listings 2020/03/24 1.8d (Carsten Heinz)

(/usr/local/texlive/2021/texmf-dist/tex/latex/subfigure/subfigure.sty
Package: subfigure 2002/03/15 v2.1.5 subfigure package
\subfigtopskip=\skip56
\subfigcapskip=\skip57
\subfigcaptopadj=\dimen158
\subfigbottomskip=\skip58
\subfigcapmargin=\dimen159
\subfiglabelskip=\skip59
\c@subfigure=\count295
\c@lofdepth=\count296
\c@subtable=\count297
\c@lotdepth=\count298

****************************************
* Local config file subfigure.cfg used *
****************************************
(/usr/local/texlive/2021/texmf-dist/tex/latex/subfigure/subfigure.cfg)
\subfig@top=\skip60
\subfig@bottom=\skip61
)
(/usr/local/texlive/2021/texmf-dist/tex/latex/biblatex/biblatex.sty
Package: biblatex 2020/12/31 v3.16 programmable bibliographies (PK/MW)

(/usr/local/texlive/2021/texmf-dist/tex/latex/etoolbox/etoolbox.sty
Package: etoolbox 2020/10/05 v2.5k e-TeX tools for LaTeX (JAW)
\etb@tempcnta=\count299
)
(/usr/local/texlive/2021/texmf-dist/tex/latex/logreq/logreq.sty
Package: logreq 2010/08/04 v1.0 xml request logger
\lrq@indent=\count300

(/usr/local/texlive/2021/texmf-dist/tex/latex/logreq/logreq.def
File: logreq.def 2010/08/04 v1.0 logreq spec v1.0
))
(/usr/local/texlive/2021/texmf-dist/tex/latex/base/ifthen.sty
Package: ifthen 2014/09/29 v1.1c Standard LaTeX ifthen package (DPC)
)

/usr/local/texlive/2021/texmf-dist/tex/latex/biblatex/biblatex.sty:202: Package
 biblatex Error: Incompatible package 'natbib'.

See the biblatex package documentation for explanation.
Type  H <return>  for immediate help.
 ...                                              
                                                  
l.202 \blx@packageincompatibility
                                 
The 'natbib' package and biblatex are incompatible.


/usr/local/texlive/2021/texmf-dist/tex/latex/biblatex/biblatex.sty:202: Package
 biblatex Error: Incompatible package 'ucs'.

See the biblatex package documentation for explanation.
Type  H <return>  for immediate help.
 ...                                              
                                                  
l.202 \blx@packageincompatibility
                                 
The 'ucs' package and biblatex are incompatible.

\c@tabx@nest=\count301
\c@listtotal=\count302
\c@listcount=\count303
\c@liststart=\count304
\c@liststop=\count305
\c@citecount=\count306
\c@citetotal=\count307
\c@multicitecount=\count308
\c@multicitetotal=\count309
\c@instcount=\count310
\c@maxnames=\count311
\c@minnames=\count312
\c@maxitems=\count313
\c@minitems=\count314
\c@citecounter=\count315
\c@maxcitecounter=\count316
\c@savedcitecounter=\count317
\c@uniquelist=\count318
\c@uniquename=\count319
\c@refsection=\count320
\c@refsegment=\count321
\c@maxextratitle=\count322
\c@maxextratitleyear=\count323
\c@maxextraname=\count324
\c@maxextradate=\count325
\c@maxextraalpha=\count326
\c@abbrvpenalty=\count327
\c@highnamepenalty=\count328
\c@lownamepenalty=\count329
\c@maxparens=\count330
\c@parenlevel=\count331
\blx@tempcnta=\count332
\blx@tempcntb=\count333
\blx@tempcntc=\count334
\blx@maxsection=\count335
\blx@maxsegment@0=\count336
\blx@notetype=\count337
\blx@parenlevel@text=\count338
\blx@parenlevel@foot=\count339
\blx@sectionciteorder@0=\count340
\blx@entrysetcounter=\count341
\blx@biblioinstance=\count342
\labelnumberwidth=\skip62
\labelalphawidth=\skip63
\biblabelsep=\skip64
\bibitemsep=\skip65
\bibnamesep=\skip66
\bibinitsep=\skip67
\bibparsep=\skip68

/usr/local/texlive/2021/texmf-dist/tex/latex/biblatex/biblatex.sty:869: LaTeX E
rror: Command \bibhang already defined.
               Or name \end... illegal, see p.192 of the manual.

See the LaTeX manual or LaTeX Companion for explanation.
Type  H <return>  for immediate help.
 ...                                              
                                                  
l.869 \newlength{\bibhang}
                          
Your command was ignored.
Type  I <command> <return>  to replace it with another command,
or  <return>  to continue without it.

\blx@bcfin=\read3
\blx@bcfout=\write4
\blx@langwohyphens=\language88
\c@mincomprange=\count343
\c@maxcomprange=\count344
\c@mincompwidth=\count345
Package biblatex Info: Trying to load biblatex default data model...
Package biblatex Info: ... file 'blx-dm.def' found.
(/usr/local/texlive/2021/texmf-dist/tex/latex/biblatex/blx-dm.def
File: blx-dm.def 2020/12/31 v3.16 biblatex localization (PK/MW)
)
Package biblatex Info: Trying to load biblatex style data model...
Package biblatex Info: ... file 'science.dbx' not found.
Package biblatex Info: Trying to load biblatex custom data model...
Package biblatex Info: ... file 'biblatex-dm.cfg' not found.
\c@afterword=\count346
\c@savedafterword=\count347
\c@annotator=\count348
\c@savedannotator=\count349
\c@author=\count350
\c@savedauthor=\count351
\c@bookauthor=\count352
\c@savedbookauthor=\count353
\c@commentator=\count354
\c@savedcommentator=\count355
\c@editor=\count356
\c@savededitor=\count357
\c@editora=\count358
\c@savededitora=\count359
\c@editorb=\count360
\c@savededitorb=\count361
\c@editorc=\count362
\c@savededitorc=\count363
\c@foreword=\count364
\c@savedforeword=\count365
\c@holder=\count366
\c@savedholder=\count367
\c@introduction=\count368
\c@savedintroduction=\count369
\c@namea=\count370
\c@savednamea=\count371
\c@nameb=\count372
\c@savednameb=\count373
\c@namec=\count374
\c@savednamec=\count375
\c@translator=\count376
\c@savedtranslator=\count377
\c@shortauthor=\count378
\c@savedshortauthor=\count379
\c@shorteditor=\count380
\c@savedshorteditor=\count381
\c@labelname=\count382
\c@savedlabelname=\count383
\c@institution=\count384
\c@savedinstitution=\count385
\c@lista=\count386
\c@savedlista=\count387
\c@listb=\count388
\c@savedlistb=\count389
\c@listc=\count390
\c@savedlistc=\count391
\c@listd=\count392
\c@savedlistd=\count393
\c@liste=\count394
\c@savedliste=\count395
\c@listf=\count396
\c@savedlistf=\count397
\c@location=\count398
\c@savedlocation=\count399
\c@organization=\count400
\c@savedorganization=\count401
\c@origlocation=\count402
\c@savedoriglocation=\count403
\c@origpublisher=\count404
\c@savedorigpublisher=\count405
\c@publisher=\count406
\c@savedpublisher=\count407
\c@language=\count408
\c@savedlanguage=\count409
\c@origlanguage=\count410
\c@savedoriglanguage=\count411
\c@pageref=\count412
\c@savedpageref=\count413
\shorthandwidth=\skip69
\shortjournalwidth=\skip70
\shortserieswidth=\skip71
\shorttitlewidth=\skip72
\shortauthorwidth=\skip73
\shorteditorwidth=\skip74
\locallabelnumberwidth=\skip75
\locallabelalphawidth=\skip76
\localshorthandwidth=\skip77
\localshortjournalwidth=\skip78
\localshortserieswidth=\skip79
\localshorttitlewidth=\skip80
\localshortauthorwidth=\skip81
\localshorteditorwidth=\skip82


/usr/local/texlive/2021/texmf-dist/tex/latex/biblatex/biblatex.sty:12112: LaTeX
 Error: Command \citename already defined.
               Or name \end... illegal, see p.192 of the manual.

See the LaTeX manual or LaTeX Companion for explanation.
Type  H <return>  for immediate help.
 ...                                              
                                                  
l.12112 ...*{\citename}{\blx@citexpunct{citename}}
                                                  
Your command was ignored.
Type  I <command> <return>  to replace it with another command,
or  <return>  to continue without it.


/usr/local/texlive/2021/texmf-dist/tex/latex/biblatex/biblatex.sty:12206: LaTeX
 Error: Command \textcite already defined.
               Or name \end... illegal, see p.192 of the manual.

See the LaTeX manual or LaTeX Companion for explanation.
Type  H <return>  for immediate help.
 ...                                              
                                                  
l.12206 ...tcite}{\blx@warn@citecmd\textcite\cite}
                                                  
Your command was ignored.
Type  I <command> <return>  to replace it with another command,
or  <return>  to continue without it.

Package biblatex Info: Trying to load compatibility code...
Package biblatex Info: ... file 'blx-compat.def' found.
(/usr/local/texlive/2021/texmf-dist/tex/latex/biblatex/blx-compat.def
File: blx-compat.def 2020/12/31 v3.16 biblatex compatibility (PK/MW)
)
Package biblatex Info: Trying to load generic definitions...
Package biblatex Info: ... file 'biblatex.def' found.

(/usr/local/texlive/2021/texmf-dist/tex/latex/biblatex/biblatex.def
File: biblatex.def 2020/12/31 v3.16 biblatex compatibility (PK/MW)
\c@textcitecount=\count414
\c@textcitetotal=\count415
\c@textcitemaxnames=\count416
\c@biburlbigbreakpenalty=\count417
\c@biburlbreakpenalty=\count418
\c@biburlnumpenalty=\count419
\c@biburlucpenalty=\count420
\c@biburllcpenalty=\count421
\biburlbigskip=\muskip18
\biburlnumskip=\muskip19
\biburlucskip=\muskip20
\biburllcskip=\muskip21


/usr/local/texlive/2021/texmf-dist/tex/latex/biblatex/biblatex.def:334: LaTeX E
rror: Command \bibfont already defined.
               Or name \end... illegal, see p.192 of the manual.

See the LaTeX manual or LaTeX Companion for explanation.
Type  H <return>  for immediate help.
 ...                                              
                                                  
l.334 ...ommand*{\bibfont}{\normalfont\normalsize}
                                                  
Your command was ignored.
Type  I <command> <return>  to replace it with another command,
or  <return>  to continue without it.

\c@smartand=\count422

Package biblatex Warning: Redefining '\citeauthor'.


Package biblatex Warning: Redefining '\citeyear'.


/usr/local/texlive/2021/texmf-dist/tex/latex/biblatex/biblatex.def:2291: LaTeX 
Error: Command \Citeauthor already defined.
               Or name \end... illegal, see p.192 of the manual.

See the LaTeX manual or LaTeX Companion for explanation.
Type  H <return>  for immediate help.
 ...                                              
                                                  
l.2291 ...e\citeauthor*}{\bibsentence\citeauthor}}
                                                  
Your command was ignored.
Type  I <command> <return>  to replace it with another command,
or  <return>  to continue without it.

)
Package biblatex Info: Trying to load bibliography style 'science'...
Package biblatex Info: ... file 'science.bbx' found.
 (/usr/local/texlive/2021/texmf-dist/tex/latex/biblatex-science/science.bbx
File: science.bbx 2018/10/18 v1.2 biblatex bibliography style
Package biblatex Info: Trying to load bibliography style 'numeric-comp'...
Package biblatex Info: ... file 'numeric-comp.bbx' found.

(/usr/local/texlive/2021/texmf-dist/tex/latex/biblatex/bbx/numeric-comp.bbx
File: numeric-comp.bbx 2020/12/31 v3.16 biblatex bibliography style (PK/MW)
Package biblatex Info: Trying to load bibliography style 'numeric'...
Package biblatex Info: ... file 'numeric.bbx' found.

(/usr/local/texlive/2021/texmf-dist/tex/latex/biblatex/bbx/numeric.bbx
File: numeric.bbx 2020/12/31 v3.16 biblatex bibliography style (PK/MW)
Package biblatex Info: Trying to load bibliography style 'standard'...
Package biblatex Info: ... file 'standard.bbx' found.

(/usr/local/texlive/2021/texmf-dist/tex/latex/biblatex/bbx/standard.bbx
File: standard.bbx 2020/12/31 v3.16 biblatex bibliography style (PK/MW)
\c@bbx:relatedcount=\count423
\c@bbx:relatedtotal=\count424
))))
Package biblatex Info: Trying to load citation style 'science'...
Package biblatex Info: ... file 'science.cbx' found.

(/usr/local/texlive/2021/texmf-dist/tex/latex/biblatex-science/science.cbx
File: science.cbx 2018/10/18 v1.2 biblatex citation style
Package biblatex Info: Trying to load citation style 'numeric-comp'...
Package biblatex Info: ... file 'numeric-comp.cbx' found.

(/usr/local/texlive/2021/texmf-dist/tex/latex/biblatex/cbx/numeric-comp.cbx
File: numeric-comp.cbx 2020/12/31 v3.16 biblatex citation style (PK/MW)
\c@cbx@tempcnta=\count425
\c@cbx@tempcntb=\count426
\c@cbx@tempcntc=\count427
\c@cbx@tempcntd=\count428
Package biblatex Info: Redefining '\cite'.
Package biblatex Info: Redefining '\parencite'.
Package biblatex Info: Redefining '\footcite'.
Package biblatex Info: Redefining '\footcitetext'.
Package biblatex Info: Redefining '\smartcite'.
Package biblatex Info: Redefining '\supercite'.
Package biblatex Info: Redefining '\textcite'.
Package biblatex Info: Redefining '\textcites'.
Package biblatex Info: Redefining '\cites'.
Package biblatex Info: Redefining '\parencites'.
Package biblatex Info: Redefining '\smartcites'.
))
Package biblatex Info: Trying to load configuration file...
Package biblatex Info: ... file 'biblatex.cfg' found.

(/usr/local/texlive/2021/texmf-dist/tex/latex/biblatex/biblatex.cfg
File: biblatex.cfg 
))
Package hyperref Info: Option `colorlinks' set `true' on input line 19.

(/usr/local/texlive/2021/texmf-dist/tex/latex/listings/lstlang1.sty
File: lstlang1.sty 2020/03/24 1.8d listings language file
)
Class revtex4-2 Info: Unrecognized LaTeX tabular. Please update this document c
lass! (Proceeding with fingers crossed.) on input line 35.
Class revtex4-2 Info: cite was not loaded (OK!) on input line 35.
Class revtex4-2 Info: mcite was not loaded (OK!) on input line 35.
Class revtex4-2 Info: multicol was not loaded (OK!) on input line 35.


Package biblatex Warning: Patching footnotes failed.
(biblatex)                Footnote detection will not work.


Package biblatex Warning: 'babel/polyglossia' detected but 'csquotes' missing.
(biblatex)                Loading 'csquotes' recommended.

\@quotelevel=\count429
\@quotereset=\count430

(/Users/jannikeschler/Documents/GitHub/AST2000/Project/Part 6/Report_Part_6.aux
)
\openout1 = `Report_Part_6.aux'.

LaTeX Font Info:    Checking defaults for OML/cmm/m/it on input line 35.
LaTeX Font Info:    ... okay on input line 35.
LaTeX Font Info:    Checking defaults for OMS/cmsy/m/n on input line 35.
LaTeX Font Info:    ... okay on input line 35.
LaTeX Font Info:    Checking defaults for OT1/cmr/m/n on input line 35.
LaTeX Font Info:    ... okay on input line 35.
LaTeX Font Info:    Checking defaults for T1/cmr/m/n on input line 35.
LaTeX Font Info:    ... okay on input line 35.
LaTeX Font Info:    Checking defaults for TS1/cmr/m/n on input line 35.
LaTeX Font Info:    ... okay on input line 35.
LaTeX Font Info:    Checking defaults for OMX/cmex/m/n on input line 35.
LaTeX Font Info:    ... okay on input line 35.
LaTeX Font Info:    Checking defaults for U/cmr/m/n on input line 35.
LaTeX Font Info:    ... okay on input line 35.
LaTeX Font Info:    Checking defaults for PD1/pdf/m/n on input line 35.
LaTeX Font Info:    ... okay on input line 35.
LaTeX Font Info:    Checking defaults for PU/pdf/m/n on input line 35.
LaTeX Font Info:    ... okay on input line 35.
 (/usr/local/texlive/2021/texmf-dist/tex/latex/ucs/ucsencs.def
File: ucsencs.def 2011/01/21 Fixes to fontencodings LGR, T3
)
(/usr/local/texlive/2021/texmf-dist/tex/context/base/mkii/supp-pdf.mkii
[Loading MPS to PDF converter (version 2006.09.02).]
\scratchcounter=\count431
\scratchdimen=\dimen160
\scratchbox=\box67
\nofMPsegments=\count432
\nofMParguments=\count433
\everyMPshowfont=\toks29
\MPscratchCnt=\count434
\MPscratchDim=\dimen161
\MPnumerator=\count435
\makeMPintoPDFobject=\count436
\everyMPtoPDFconversion=\toks30
) (/usr/local/texlive/2021/texmf-dist/tex/latex/epstopdf-pkg/epstopdf-base.sty
Package: epstopdf-base 2020-01-24 v2.11 Base part for package epstopdf

(/usr/local/texlive/2021/texmf-dist/tex/latex/grfext/grfext.sty
Package: grfext 2019/12/03 v1.3 Manage graphics extensions (HO)
)
Package epstopdf-base Info: Redefining graphics rule for `.eps' on input line 4
85.
Package grfext Info: Graphics extension search list:
(grfext)             [.pdf,.png,.jpg,.mps,.jpeg,.jbig2,.jb2,.PDF,.PNG,.JPG,.JPE
G,.JBIG2,.JB2,.eps]
(grfext)             \AppendGraphicsExtensions on input line 504.

(/usr/local/texlive/2021/texmf-dist/tex/latex/latexconfig/epstopdf-sys.cfg
File: epstopdf-sys.cfg 2010/07/13 v1.3 Configuration of (r)epstopdf for TeX Liv
e
))
Package hyperref Info: Link coloring ON on input line 35.

(/usr/local/texlive/2021/texmf-dist/tex/latex/hyperref/nameref.sty
Package: nameref 2021-04-02 v2.47 Cross-referencing by name of section

(/usr/local/texlive/2021/texmf-dist/tex/latex/refcount/refcount.sty
Package: refcount 2019/12/15 v3.6 Data extraction from label references (HO)
)
(/usr/local/texlive/2021/texmf-dist/tex/generic/gettitlestring/gettitlestring.s
ty
Package: gettitlestring 2019/12/15 v1.6 Cleanup title references (HO)
)
\c@section@level=\count437
)
LaTeX Info: Redefining \ref on input line 35.
LaTeX Info: Redefining \pageref on input line 35.
LaTeX Info: Redefining \nameref on input line 35.

(/Users/jannikeschler/Documents/GitHub/AST2000/Project/Part 6/Report_Part_6.out
)
(/Users/jannikeschler/Documents/GitHub/AST2000/Project/Part 6/Report_Part_6.out
)
\@outlinefile=\write5
\openout5 = `Report_Part_6.out'.

\c@lstlisting=\count438
Package biblatex Info: Trying to load language 'english'...
Package biblatex Info: ... file 'english.lbx' found.
 (/usr/local/texlive/2021/texmf-dist/tex/latex/biblatex/lbx/english.lbx
File: english.lbx 2020/12/31 v3.16 biblatex localization (PK/MW)
)
Package biblatex Info: Input encoding 'utf8' detected.
Package biblatex Info: Automatic encoding selection.
(biblatex)             Assuming data encoding 'utf8'.
Package biblatex Info: Document encoding is UTF8 ....
Package biblatex Info: ... and expl3
(biblatex)             2021-02-18 L3 programming layer (loader) 
(biblatex)             is new enough (at least 2020/04/06),
(biblatex)             setting 'casechanger=expl3'.

(/usr/local/texlive/2021/texmf-dist/tex/latex/biblatex/blx-case-expl3.sty
Package: blx-case-expl3 2020/12/31 v3.16 expl3 case changing code for biblatex
)
\openout4 = `Report_Part_6.bcf'.

Package biblatex Info: Trying to load bibliographic data...
Package biblatex Info: ... file 'Report_Part_6.bbl' found.

(/Users/jannikeschler/Documents/GitHub/AST2000/Project/Part 6/Report_Part_6.bbl
)
Package biblatex Info: Reference section=0 on input line 35.
Package biblatex Info: Reference segment=0 on input line 35.
Class revtex4-2 Info: Taking \maketitle back from hyperref on input line 35.
\openout3 = `Report_Part_6Notes.bib'.

LaTeX Font Info:    Trying to load font information for U+esint on input line 4
3.
 (/usr/local/texlive/2021/texmf-dist/tex/latex/esint/uesint.fd
File: uesint.fd 
)
LaTeX Font Info:    Trying to load font information for U+msa on input line 43.


(/usr/local/texlive/2021/texmf-dist/tex/latex/amsfonts/umsa.fd
File: umsa.fd 2013/01/14 v3.01 AMS symbols A
)
LaTeX Font Info:    Trying to load font information for U+msb on input line 43.


(/usr/local/texlive/2021/texmf-dist/tex/latex/amsfonts/umsb.fd
File: umsb.fd 2013/01/14 v3.01 AMS symbols B
) [1{/usr/local/texlive/2021/texmf-var/fonts/map/pdftex/updmap/pdftex.map}]
<Figures/Temperature plot.pdf, id=123, 462.52798pt x 346.89601pt>
File: Figures/Temperature plot.pdf Graphic file (type pdf)
<use Figures/Temperature plot.pdf>
Package pdftex.def Info: Figures/Temperature plot.pdf  used on input line 102.
(pdftex.def)             Requested size: 185.0079pt x 138.75594pt.
<Figures/Density plot.pdf, id=124, 462.52798pt x 346.89601pt>
File: Figures/Density plot.pdf Graphic file (type pdf)
<use Figures/Density plot.pdf>
Package pdftex.def Info: Figures/Density plot.pdf  used on input line 109.
(pdftex.def)             Requested size: 185.0079pt x 138.75594pt.

Underfull \hbox (badness 10000) in paragraph at lines 126--127

 []


Underfull \hbox (badness 10000) in paragraph at lines 128--129

 []


LaTeX Warning: Reference `subsec:potential-landing-sites' on page 2 undefined o
n input line 138.


LaTeX Warning: Reference `fig:l_site6' on page 2 undefined on input line 140.


LaTeX Warning: Reference `fig:l_site7' on page 2 undefined on input line 140.


Underfull \hbox (badness 1038) in paragraph at lines 136--141
\OT1/cmr/m/n/10 tak-ing 15 pic-tures in equally spaced in-ter-vals of $1$
 []


Underfull \hbox (badness 10000) in paragraph at lines 136--141

 []


LaTeX Warning: Reference `subsec:potential-landing-sites' on page 2 undefined o
n input line 142.


LaTeX Warning: Reference `subsec:potential-landing-sites' on page 2 undefined o
n input line 182.


LaTeX Warning: Reference `subsec:potential-landing-sites' on page 2 undefined o
n input line 182.


LaTeX Warning: `h' float specifier changed to `ht'.

[2 </Users/jannikeschler/Documents/GitHub/AST2000/Project/Part 6/Figures/Temper
ature plot.pdf> </Users/jannikeschler/Documents/GitHub/AST2000/Project/Part 6/F
igures/Density plot.pdf>]

LaTeX Warning: A float is stuck (cannot be placed); try class option [floatfix]
 on input line 195.


Underfull \hbox (badness 10000) in paragraph at lines 202--204

 []


Underfull \hbox (badness 10000) in paragraph at lines 205--207

 []


Underfull \hbox (badness 10000) in paragraph at lines 208--210

 []


Underfull \hbox (badness 10000) in paragraph at lines 211--213

 []


Package hyperref Warning: Token not allowed in a PDF string (Unicode):
(hyperref)                removing `math shift' on input line 215.


Package hyperref Warning: Token not allowed in a PDF string (Unicode):
(hyperref)                removing `subscript' on input line 215.


Package hyperref Warning: Token not allowed in a PDF string (Unicode):
(hyperref)                removing `math shift' on input line 215.


Package hyperref Warning: Token not allowed in a PDF string (Unicode):
(hyperref)                removing `math shift' on input line 224.


Package hyperref Warning: Token not allowed in a PDF string (Unicode):
(hyperref)                removing `subscript' on input line 224.


Package hyperref Warning: Token not allowed in a PDF string (Unicode):
(hyperref)                removing `math shift' on input line 224.


Package hyperref Warning: Token not allowed in a PDF string (Unicode):
(hyperref)                removing `math shift' on input line 227.


Package hyperref Warning: Token not allowed in a PDF string (Unicode):
(hyperref)                removing `subscript' on input line 227.


Package hyperref Warning: Token not allowed in a PDF string (Unicode):
(hyperref)                removing `math shift' on input line 227.


Package hyperref Warning: Token not allowed in a PDF string (Unicode):
(hyperref)                removing `math shift' on input line 234.


Package hyperref Warning: Token not allowed in a PDF string (Unicode):
(hyperref)                removing `subscript' on input line 234.


Package hyperref Warning: Token not allowed in a PDF string (Unicode):
(hyperref)                removing `math shift' on input line 234.

[3]

Package hyperref Warning: Token not allowed in a PDF string (Unicode):
(hyperref)                removing `math shift' on input line 241.


Package hyperref Warning: Token not allowed in a PDF string (Unicode):
(hyperref)                removing `math shift' on input line 241.


Package hyperref Warning: Token not allowed in a PDF string (Unicode):
(hyperref)                removing `math shift' on input line 244.


Package hyperref Warning: Token not allowed in a PDF string (Unicode):
(hyperref)                removing `subscript' on input line 244.


Package hyperref Warning: Token not allowed in a PDF string (Unicode):
(hyperref)                removing `math shift' on input line 244.


Underfull \hbox (badness 10000) in paragraph at lines 249--257

 []


Underfull \hbox (badness 10000) in paragraph at lines 258--261

 []


Underfull \hbox (badness 10000) in paragraph at lines 269--273

 []


LaTeX Warning: Reference `fig:l_site6' on page 4 undefined on input line 276.


Underfull \hbox (badness 10000) in paragraph at lines 274--277

 []

[4] (/usr/local/texlive/2021/texmf-dist/tex/latex/ucs/data/uni-34.def
File: uni-34.def 2013/05/13 UCS: Unicode data U+2200..U+22FF
)
Underfull \hbox (badness 10000) in paragraph at lines 304--310

 []


LaTeX Warning: Reference `fig:l_site6' on page 5 undefined on input line 312.


Underfull \hbox (badness 10000) in paragraph at lines 311--314

 []

[5]
<Figures/O2 632.pdf, id=273, 1445.4pt x 578.16pt>
File: Figures/O2 632.pdf Graphic file (type pdf)
<use Figures/O2 632.pdf>
Package pdftex.def Info: Figures/O2 632.pdf  used on input line 343.
(pdftex.def)             Requested size: 433.62335pt x 173.44933pt.
<Figures/O2 690.pdf, id=274, 1445.4pt x 578.16pt>
File: Figures/O2 690.pdf Graphic file (type pdf)
<use Figures/O2 690.pdf>
Package pdftex.def Info: Figures/O2 690.pdf  used on input line 350.
(pdftex.def)             Requested size: 433.62335pt x 173.44933pt.
<Figures/O2 760.pdf, id=275, 1445.4pt x 578.16pt>
File: Figures/O2 760.pdf Graphic file (type pdf)
<use Figures/O2 760.pdf>
Package pdftex.def Info: Figures/O2 760.pdf  used on input line 357.
(pdftex.def)             Requested size: 433.62335pt x 173.44933pt.


LaTeX Warning: `!h' float specifier changed to `!ht'.

<Figures/H2O 720.pdf, id=276, 1300.86pt x 578.16pt>
File: Figures/H2O 720.pdf Graphic file (type pdf)
<use Figures/H2O 720.pdf>
Package pdftex.def Info: Figures/H2O 720.pdf  used on input line 364.
(pdftex.def)             Requested size: 390.26102pt x 173.44933pt.

LaTeX Warning: `!h' float specifier changed to `!ht'.

<Figures/H2O 820.pdf, id=277, 1300.86pt x 578.16pt>
File: Figures/H2O 820.pdf Graphic file (type pdf)
<use Figures/H2O 820.pdf>
Package pdftex.def Info: Figures/H2O 820.pdf  used on input line 371.
(pdftex.def)             Requested size: 390.26102pt x 173.44933pt.

LaTeX Warning: `!h' float specifier changed to `!ht'.

<Figures/H2O 940.pdf, id=278, 1300.86pt x 578.16pt>
File: Figures/H2O 940.pdf Graphic file (type pdf)
<use Figures/H2O 940.pdf>
Package pdftex.def Info: Figures/H2O 940.pdf  used on input line 378.
(pdftex.def)             Requested size: 390.26102pt x 173.44933pt.

LaTeX Warning: `!h' float specifier changed to `!ht'.

<Figures/CO2 1400.pdf, id=279, 1445.4pt x 578.16pt>
File: Figures/CO2 1400.pdf Graphic file (type pdf)
<use Figures/CO2 1400.pdf>
Package pdftex.def Info: Figures/CO2 1400.pdf  used on input line 385.
(pdftex.def)             Requested size: 433.62335pt x 173.44933pt.

LaTeX Warning: `!h' float specifier changed to `!ht'.

<Figures/CO2 1600.pdf, id=280, 1445.4pt x 578.16pt>
File: Figures/CO2 1600.pdf Graphic file (type pdf)
<use Figures/CO2 1600.pdf>
Package pdftex.def Info: Figures/CO2 1600.pdf  used on input line 392.
(pdftex.def)             Requested size: 433.62335pt x 173.44933pt.

LaTeX Warning: `!h' float specifier changed to `!ht'.

<Figures/CH4 1660.pdf, id=281, 1445.4pt x 578.16pt>
File: Figures/CH4 1660.pdf Graphic file (type pdf)
<use Figures/CH4 1660.pdf>
Package pdftex.def Info: Figures/CH4 1660.pdf  used on input line 399.
(pdftex.def)             Requested size: 433.62335pt x 173.44933pt.

LaTeX Warning: `!h' float specifier changed to `!ht'.

<Figures/CH4 2200.pdf, id=282, 1445.4pt x 578.16pt>
File: Figures/CH4 2200.pdf Graphic file (type pdf)
<use Figures/CH4 2200.pdf>
Package pdftex.def Info: Figures/CH4 2200.pdf  used on input line 406.
(pdftex.def)             Requested size: 433.62335pt x 173.44933pt.

LaTeX Warning: `!h' float specifier changed to `!ht'.

<Figures/CO 2340.pdf, id=283, 1445.4pt x 578.16pt>
File: Figures/CO 2340.pdf Graphic file (type pdf)
<use Figures/CO 2340.pdf>
Package pdftex.def Info: Figures/CO 2340.pdf  used on input line 413.
(pdftex.def)             Requested size: 433.62335pt x 173.44933pt.

LaTeX Warning: `!h' float specifier changed to `!ht'.

<Figures/N2O 2870.pdf, id=284, 1445.4pt x 578.16pt>
File: Figures/N2O 2870.pdf Graphic file (type pdf)
<use Figures/N2O 2870.pdf>
Package pdftex.def Info: Figures/N2O 2870.pdf  used on input line 420.
(pdftex.def)             Requested size: 433.62335pt x 173.44933pt.

LaTeX Warning: `!h' float specifier changed to `!ht'.

[6 </Users/jannikeschler/Documents/GitHub/AST2000/Project/Part 6/Figures/O2 632
.pdf> </Users/jannikeschler/Documents/GitHub/AST2000/Project/Part 6/Figures/O2 
690.pdf>] [7 </Users/jannikeschler/Documents/GitHub/AST2000/Project/Part 6/Figu
res/O2 760.pdf> </Users/jannikeschler/Documents/GitHub/AST2000/Project/Part 6/F
igures/H2O 720.pdf> </Users/jannikeschler/Documents/GitHub/AST2000/Project/Part
 6/Figures/H2O 820.pdf>] [8 </Users/jannikeschler/Documents/GitHub/AST2000/Proj
ect/Part 6/Figures/H2O 940.pdf> </Users/jannikeschler/Documents/GitHub/AST2000/
Project/Part 6/Figures/CO2 1400.pdf> </Users/jannikeschler/Documents/GitHub/AST
2000/Project/Part 6/Figures/CO2 1600.pdf>] [9 </Users/jannikeschler/Documents/G
itHub/AST2000/Project/Part 6/Figures/CH4 1660.pdf> </Users/jannikeschler/Docume
nts/GitHub/AST2000/Project/Part 6/Figures/CH4 2200.pdf> </Users/jannikeschler/D
ocuments/GitHub/AST2000/Project/Part 6/Figures/CO 2340.pdf>] [10 </Users/jannik
eschler/Documents/GitHub/AST2000/Project/Part 6/Figures/N2O 2870.pdf>]
<Figures/l_site0.png, id=821, 1284.8pt x 1027.84pt>
File: Figures/l_site0.png Graphic file (type png)
<use Figures/l_site0.png>
Package pdftex.def Info: Figures/l_site0.png  used on input line 431.
(pdftex.def)             Requested size: 179.87077pt x 143.89662pt.
<Figures/l_site1.png, id=822, 1284.8pt x 1027.84pt>
File: Figures/l_site1.png Graphic file (type png)
<use Figures/l_site1.png>
Package pdftex.def Info: Figures/l_site1.png  used on input line 437.
(pdftex.def)             Requested size: 179.87077pt x 143.89662pt.
<Figures/l_site2.png, id=823, 1284.8pt x 1027.84pt>
File: Figures/l_site2.png Graphic file (type png)
<use Figures/l_site2.png>
Package pdftex.def Info: Figures/l_site2.png  used on input line 443.
(pdftex.def)             Requested size: 179.87077pt x 143.89662pt.
<Figures/l_site3.png, id=824, 1284.8pt x 1027.84pt>
File: Figures/l_site3.png Graphic file (type png)
<use Figures/l_site3.png>
Package pdftex.def Info: Figures/l_site3.png  used on input line 449.
(pdftex.def)             Requested size: 179.87077pt x 143.89662pt.
<Figures/l_site4.png, id=825, 1284.8pt x 1027.84pt>
File: Figures/l_site4.png Graphic file (type png)
<use Figures/l_site4.png>
Package pdftex.def Info: Figures/l_site4.png  used on input line 455.
(pdftex.def)             Requested size: 179.87077pt x 143.89662pt.
<Figures/l_site5.png, id=826, 1284.8pt x 1027.84pt>
File: Figures/l_site5.png Graphic file (type png)
<use Figures/l_site5.png>
Package pdftex.def Info: Figures/l_site5.png  used on input line 461.
(pdftex.def)             Requested size: 179.87077pt x 143.89662pt.
<Figures/l_site6.png, id=827, 1284.8pt x 1027.84pt>
File: Figures/l_site6.png Graphic file (type png)
<use Figures/l_site6.png>
Package pdftex.def Info: Figures/l_site6.png  used on input line 467.
(pdftex.def)             Requested size: 179.87077pt x 143.89662pt.
<Figures/l_site7.png, id=828, 1284.8pt x 1027.84pt>
File: Figures/l_site7.png Graphic file (type png)
<use Figures/l_site7.png>
Package pdftex.def Info: Figures/l_site7.png  used on input line 473.
(pdftex.def)             Requested size: 179.87077pt x 143.89662pt.
<Figures/l_site8.png, id=829, 1284.8pt x 1027.84pt>
File: Figures/l_site8.png Graphic file (type png)
<use Figures/l_site8.png>
Package pdftex.def Info: Figures/l_site8.png  used on input line 479.
(pdftex.def)             Requested size: 179.87077pt x 143.89662pt.
<Figures/l_site9.png, id=830, 1284.8pt x 1027.84pt>
File: Figures/l_site9.png Graphic file (type png)
<use Figures/l_site9.png>
Package pdftex.def Info: Figures/l_site9.png  used on input line 485.
(pdftex.def)             Requested size: 179.87077pt x 143.89662pt.
<Figures/l_site10.png, id=831, 1284.8pt x 1027.84pt>
File: Figures/l_site10.png Graphic file (type png)
<use Figures/l_site10.png>
Package pdftex.def Info: Figures/l_site10.png  used on input line 491.
(pdftex.def)             Requested size: 179.87077pt x 143.89662pt.
<Figures/l_site11.png, id=832, 1284.8pt x 1027.84pt>
File: Figures/l_site11.png Graphic file (type png)
<use Figures/l_site11.png>
Package pdftex.def Info: Figures/l_site11.png  used on input line 497.
(pdftex.def)             Requested size: 179.87077pt x 143.89662pt.
<Figures/l_site12.png, id=833, 1284.8pt x 1027.84pt>
File: Figures/l_site12.png Graphic file (type png)
<use Figures/l_site12.png>
Package pdftex.def Info: Figures/l_site12.png  used on input line 503.
(pdftex.def)             Requested size: 179.87077pt x 143.89662pt.
<Figures/l_site13.png, id=834, 1284.8pt x 1027.84pt>
File: Figures/l_site13.png Graphic file (type png)
<use Figures/l_site13.png>
Package pdftex.def Info: Figures/l_site13.png  used on input line 509.
(pdftex.def)             Requested size: 179.87077pt x 143.89662pt.
<Figures/l_site14.png, id=835, 1284.8pt x 1027.84pt>
File: Figures/l_site14.png Graphic file (type png)
<use Figures/l_site14.png>
Package pdftex.def Info: Figures/l_site14.png  used on input line 515.
(pdftex.def)             Requested size: 179.87077pt x 143.89662pt.


LaTeX Warning: `h' float specifier changed to `ht'.


LaTeX Warning: `h' float specifier changed to `ht'.


LaTeX Warning: `h' float specifier changed to `ht'.


LaTeX Warning: `h' float specifier changed to `ht'.


LaTeX Warning: `h' float specifier changed to `ht'.


LaTeX Warning: `h' float specifier changed to `ht'.


LaTeX Warning: `h' float specifier changed to `ht'.


LaTeX Warning: `h' float specifier changed to `ht'.


LaTeX Warning: `h' float specifier changed to `ht'.


LaTeX Warning: `h' float specifier changed to `ht'.


LaTeX Warning: `h' float specifier changed to `ht'.


LaTeX Warning: `h' float specifier changed to `ht'.


/Users/jannikeschler/Documents/GitHub/AST2000/Project/Part 6/Report_Part_6.tex:
523: LaTeX Error: Can be used only in preamble.

See the LaTeX manual or LaTeX Companion for explanation.
Type  H <return>  for immediate help.
 ...                                              
                                                  
l.523 \end{document}
                    
Your command was ignored.
Type  I <command> <return>  to replace it with another command,
or  <return>  to continue without it.

Package logreq Info: Writing requests to 'Report_Part_6.run.xml'.
\openout1 = `Report_Part_6.run.xml'.

[11
\@writefile{toc}{\defcounter {refsection}{0}\relax }\@writefile{toc}{\contentsl
ine {subsection}{\numberline {C}Potential Landing sites}{11}{section*.25}\prote
cted@file@percent }
\newlabel{subsec:potential-landing-sites}{{V\,C}{11}{}{section*.25}{}}
\@writefile{lof}{\defcounter {refsection}{0}\relax }\@writefile{lof}{\contentsl
ine {figure}{\numberline {15}{\ignorespaces Picture of possible landing site 0 
from the low-altitude orbit.}}{11}{figure.15}\protected@file@percent }
\newlabel{fig:l_site0}{{15}{11}{Picture of possible landing site 0 from the low
-altitude orbit}{figure.15}{}}
\@writefile{lof}{\defcounter {refsection}{0}\relax }\@writefile{lof}{\contentsl
ine {figure}{\numberline {16}{\ignorespaces Picture of possible landing site 1 
from the low-altitude orbit.}}{11}{figure.16}\protected@file@percent }
\newlabel{fig:l_site1}{{16}{11}{Picture of possible landing site 1 from the low
-altitude orbit}{figure.16}{}}
\@writefile{lof}{\defcounter {refsection}{0}\relax }\@writefile{lof}{\contentsl
ine {figure}{\numberline {17}{\ignorespaces Picture of possible landing site 2 
from the low-altitude orbit.}}{11}{figure.17}\protected@file@percent }
\newlabel{fig:l_site2}{{17}{11}{Picture of possible landing site 2 from the low
-altitude orbit}{figure.17}{}}
\@writefile{lof}{\defcounter {refsection}{0}\relax }\@writefile{lof}{\contentsl
ine {figure}{\numberline {18}{\ignorespaces Picture of possible landing site 3 
from the low-altitude orbit.}}{11}{figure.18}\protected@file@percent }
\newlabel{fig:l_site3}{{18}{11}{Picture of possible landing site 3 from the low
-altitude orbit}{figure.18}{}}
\@writefile{lof}{\defcounter {refsection}{0}\relax }\@writefile{lof}{\contentsl
ine {figure}{\numberline {19}{\ignorespaces Picture of possible landing site 4 
from the low-altitude orbit.}}{11}{figure.19}\protected@file@percent }
\newlabel{fig:l_site4}{{19}{11}{Picture of possible landing site 4 from the low
-altitude orbit}{figure.19}{}}
\@writefile{toc}{\defcounter {refsection}{0}\relax }\@writefile{toc}{\contentsl
ine {section}{\numberline {}References}{11}{section*.26}\protected@file@percent
 }
 </Users/jannikeschler/Documents/GitHub/AST2000/Project/Part 6/Figures/l_site0.
png (PNG copy)> </Users/jannikeschler/Documents/GitHub/AST2000/Project/Part 6/F
igures/l_site1.png (PNG copy)> </Users/jannikeschler/Documents/GitHub/AST2000/P
roject/Part 6/Figures/l_site2.png (PNG copy)> </Users/jannikeschler/Documents/G
itHub/AST2000/Project/Part 6/Figures/l_site3.png (PNG copy)> </Users/jannikesch
ler/Documents/GitHub/AST2000/Project/Part 6/Figures/l_site4.png (PNG copy)>]
[12
\@writefile{lof}{\defcounter {refsection}{0}\relax }\@writefile{lof}{\contentsl
ine {figure}{\numberline {20}{\ignorespaces Picture of possible landing site 5 
from the low-altitude orbit.}}{12}{figure.20}\protected@file@percent }
\newlabel{fig:l_site5}{{20}{12}{Picture of possible landing site 5 from the low
-altitude orbit}{figure.20}{}}
\@writefile{lof}{\defcounter {refsection}{0}\relax }\@writefile{lof}{\contentsl
ine {figure}{\numberline {21}{\ignorespaces Picture of possible landing site 6 
from the low-altitude orbit.}}{12}{figure.21}\protected@file@percent }
\newlabel{fig:l_site6}{{21}{12}{Picture of possible landing site 6 from the low
-altitude orbit}{figure.21}{}}
\@writefile{lof}{\defcounter {refsection}{0}\relax }\@writefile{lof}{\contentsl
ine {figure}{\numberline {22}{\ignorespaces Picture of possible landing site 7 
from the low-altitude orbit.}}{12}{figure.22}\protected@file@percent }
\newlabel{fig:l_site7}{{22}{12}{Picture of possible landing site 7 from the low
-altitude orbit}{figure.22}{}}
 </Users/jannikeschler/Documents/GitHub/AST2000/Project/Part 6/Figures/l_site5.
png (PNG copy)> </Users/jannikeschler/Documents/GitHub/AST2000/Project/Part 6/F
igures/l_site6.png (PNG copy)> </Users/jannikeschler/Documents/GitHub/AST2000/P
roject/Part 6/Figures/l_site7.png (PNG copy)>] [13
\@writefile{lof}{\defcounter {refsection}{0}\relax }\@writefile{lof}{\contentsl
ine {figure}{\numberline {23}{\ignorespaces Picture of possible landing site 8 
from the low-altitude orbit.}}{13}{figure.23}\protected@file@percent }
\newlabel{fig:l_site8}{{23}{13}{Picture of possible landing site 8 from the low
-altitude orbit}{figure.23}{}}
\@writefile{lof}{\defcounter {refsection}{0}\relax }\@writefile{lof}{\contentsl
ine {figure}{\numberline {24}{\ignorespaces Picture of possible landing site 9 
from the low-altitude orbit.}}{13}{figure.24}\protected@file@percent }
\newlabel{fig:l_site9}{{24}{13}{Picture of possible landing site 9 from the low
-altitude orbit}{figure.24}{}}
\@writefile{lof}{\defcounter {refsection}{0}\relax }\@writefile{lof}{\contentsl
ine {figure}{\numberline {25}{\ignorespaces Picture of possible landing site 10
 from the low-altitude orbit.}}{13}{figure.25}\protected@file@percent }
\newlabel{fig:l_site10}{{25}{13}{Picture of possible landing site 10 from the l
ow-altitude orbit}{figure.25}{}}
 </Users/jannikeschler/Documents/GitHub/AST2000/Project/Part 6/Figures/l_site8.
png (PNG copy)> </Users/jannikeschler/Documents/GitHub/AST2000/Project/Part 6/F
igures/l_site9.png (PNG copy)> </Users/jannikeschler/Documents/GitHub/AST2000/P
roject/Part 6/Figures/l_site10.png (PNG copy)>] [14
\@writefile{lof}{\defcounter {refsection}{0}\relax }\@writefile{lof}{\contentsl
ine {figure}{\numberline {26}{\ignorespaces Picture of possible landing site 11
 from the low-altitude orbit.}}{14}{figure.26}\protected@file@percent }
\newlabel{fig:l_site11}{{26}{14}{Picture of possible landing site 11 from the l
ow-altitude orbit}{figure.26}{}}
\@writefile{lof}{\defcounter {refsection}{0}\relax }\@writefile{lof}{\contentsl
ine {figure}{\numberline {27}{\ignorespaces Picture of possible landing site 12
 from the low-altitude orbit.}}{14}{figure.27}\protected@file@percent }
\newlabel{fig:l_site12}{{27}{14}{Picture of possible landing site 12 from the l
ow-altitude orbit}{figure.27}{}}
\@writefile{lof}{\defcounter {refsection}{0}\relax }\@writefile{lof}{\contentsl
ine {figure}{\numberline {28}{\ignorespaces Picture of possible landing site 13
 from the low-altitude orbit.}}{14}{figure.28}\protected@file@percent }
\newlabel{fig:l_site13}{{28}{14}{Picture of possible landing site 13 from the l
ow-altitude orbit}{figure.28}{}}
 </Users/jannikeschler/Documents/GitHub/AST2000/Project/Part 6/Figures/l_site11
.png (PNG copy)> </Users/jannikeschler/Documents/GitHub/AST2000/Project/Part 6/
Figures/l_site12.png (PNG copy)> </Users/jannikeschler/Documents/GitHub/AST2000
/Project/Part 6/Figures/l_site13.png (PNG copy)>] [15
\@writefile{lof}{\defcounter {refsection}{0}\relax }\@writefile{lof}{\contentsl
ine {figure}{\numberline {29}{\ignorespaces Picture of possible landing site 14
 from the low-altitude orbit.}}{15}{figure.29}\protected@file@percent }
\newlabel{fig:l_site14}{{29}{15}{Picture of possible landing site 14 from the l
ow-altitude orbit}{figure.29}{}}
 </Users/jannikeschler/Documents/GitHub/AST2000/Project/Part 6/Figures/l_site14
.png (PNG copy)>]
\newlabel{LastPage}{{}{15}{}{}{}}
\gdef \@abspage@last{15}

(/Users/jannikeschler/Documents/GitHub/AST2000/Project/Part 6/Report_Part_6.aux
)

LaTeX Warning: There were undefined references.

Package rerunfilecheck Info: File `Report_Part_6.out' has not changed.
(rerunfilecheck)             Checksum: 72ACEB79C33886D812E3E57DF3B997D0;3758.
 ) 
Here is how much of TeX's memory you used:
 22636 strings out of 478994
 361691 string characters out of 5858184
 1136299 words of memory out of 5000000
 39733 multiletter control sequences out of 15000+600000
 410980 words of font info for 60 fonts, out of 8000000 for 9000
 1141 hyphenation exceptions out of 8191
 81i,10n,89p,746b,1298s stack positions out of 5000i,500n,10000p,200000b,80000s
{/usr/local/texlive/2021/texmf-dist/fonts/enc/dvips/cm-super/cm-super-ts1.enc
}</usr/local/texlive/2021/texmf-dist/fonts/type1/public/amsfonts/cm/cmbx10.pfb>
</usr/local/texlive/2021/texmf-dist/fonts/type1/public/amsfonts/cm/cmbx12.pfb><
/usr/local/texlive/2021/texmf-dist/fonts/type1/public/amsfonts/cm/cmbx9.pfb></u
sr/local/texlive/2021/texmf-dist/fonts/type1/public/amsfonts/cm/cmex10.pfb></us
r/local/texlive/2021/texmf-dist/fonts/type1/public/amsfonts/cm/cmmi10.pfb></usr
/local/texlive/2021/texmf-dist/fonts/type1/public/amsfonts/cm/cmmi7.pfb></usr/l
ocal/texlive/2021/texmf-dist/fonts/type1/public/amsfonts/cm/cmmi9.pfb></usr/loc
al/texlive/2021/texmf-dist/fonts/type1/public/amsfonts/cm/cmr10.pfb></usr/local
/texlive/2021/texmf-dist/fonts/type1/public/amsfonts/cm/cmr6.pfb></usr/local/te
xlive/2021/texmf-dist/fonts/type1/public/amsfonts/cm/cmr7.pfb></usr/local/texli
ve/2021/texmf-dist/fonts/type1/public/amsfonts/cm/cmr9.pfb></usr/local/texlive/
2021/texmf-dist/fonts/type1/public/amsfonts/cm/cmsy10.pfb></usr/local/texlive/2
021/texmf-dist/fonts/type1/public/amsfonts/cm/cmsy6.pfb></usr/local/texlive/202
1/texmf-dist/fonts/type1/public/amsfonts/cm/cmsy7.pfb></usr/local/texlive/2021/
texmf-dist/fonts/type1/public/amsfonts/cm/cmsy9.pfb></usr/local/texlive/2021/te
xmf-dist/fonts/type1/public/amsfonts/cm/cmti10.pfb></usr/local/texlive/2021/tex
mf-dist/fonts/type1/public/amsfonts/cm/cmti9.pfb></usr/local/texlive/2021/texmf
-dist/fonts/type1/public/amsfonts/cm/cmtt9.pfb></usr/local/texlive/2021/texmf-d
ist/fonts/type1/public/cm-super/sfrm1000.pfb>
Output written on "/Users/jannikeschler/Documents/GitHub/AST2000/Project/Part 6
/Report_Part_6.pdf" (15 pages, 30477941 bytes).
PDF statistics:
 956 PDF objects out of 1000 (max. 8388607)
 368 compressed objects within 4 object streams
 73 named destinations out of 1000 (max. 500000)
 354 words of extra memory for PDF output out of 10000 (max. 10000000)

