\BOOKMARK [0][-]{section*.2}{\376\377\000E\000x\000p\000l\000o\000r\000a\000t\000i\000o\000n\000\040\000o\000u\000r\000\040\000o\000f\000\040\000S\000t\000a\000r}{}% 2
\BOOKMARK [1][-]{section*.1}{\376\377\000A\000b\000s\000t\000r\000a\000c\000t}{section*.2}% 1
\BOOKMARK [1][-]{section*.3}{\376\377\000I\000n\000t\000r\000o\000d\000u\000c\000t\000i\000o\000n}{section*.2}% 3
\BOOKMARK [1][-]{section*.4}{\376\377\000O\000u\000r\000\040\000s\000t\000a\000r\000:\000\040\000I\000t\000s\000\040\000c\000u\000r\000r\000e\000n\000t\000\040\000s\000t\000a\000t\000e\000\040\000a\000n\000d\000\040\000o\000r\000i\000g\000i\000n}{section*.2}% 4
\BOOKMARK [2][-]{section*.5}{\376\377\000T\000h\000e\000\040\000m\000a\000i\000n\000\040\000s\000e\000q\000u\000e\000n\000c\000e}{section*.4}% 5
\BOOKMARK [3][-]{section*.6}{\376\377\000T\000h\000e\000\040\000P\000l\000a\000c\000e\000m\000e\000n\000t\000\040\000o\000f\000\040\000O\000u\000r\000\040\000S\000t\000a\000r}{section*.5}% 6
\BOOKMARK [3][-]{section*.7}{\376\377\000T\000h\000e\000\040\000L\000i\000f\000e\000s\000p\000a\000n\000\040\000o\000f\000\040\000O\000u\000r\000\040\000S\000t\000a\000r}{section*.5}% 7
\BOOKMARK [3][-]{section*.8}{\376\377\000R\000e\000l\000a\000t\000i\000o\000n\000s\000h\000i\000p\000s\000\040\000b\000e\000t\000w\000e\000e\000n\000\040\000m\000a\000s\000s\000,\000\040\000t\000e\000m\000p\000e\000r\000a\000t\000u\000r\000e\000\040\000a\000n\000d\000\040\000l\000u\000m\000i\000n\000o\000s\000i\000t\000y}{section*.5}% 8
\BOOKMARK [2][-]{section*.9}{\376\377\000G\000i\000a\000n\000t\000\040\000M\000o\000l\000e\000c\000u\000l\000a\000r\000\040\000C\000l\000o\000u\000d}{section*.4}% 9
\BOOKMARK [1][-]{section*.10}{\376\377\000N\000u\000c\000l\000e\000a\000r\000\040\000R\000e\000a\000c\000t\000i\000o\000n\000s\000\040\000i\000n\000\040\000o\000u\000r\000\040\000s\000t\000a\000r\000s\000\040\000c\000o\000r\000e}{section*.2}% 10
\BOOKMARK [2][-]{section*.11}{\376\377\000C\000o\000r\000e\000\040\000T\000e\000m\000p\000a\000r\000a\000t\000u\000r\000e}{section*.10}% 11
\BOOKMARK [2][-]{section*.12}{\376\377\000E\000n\000e\000r\000g\000y\000\040\000P\000r\000o\000d\000u\000c\000t\000i\000o\000n\000\040\000a\000n\000d\000\040\000L\000u\000m\000i\000n\000o\000s\000i\000t\000y}{section*.10}% 12
\BOOKMARK [1][-]{section*.13}{\376\377\000T\000h\000e\000\040\000D\000e\000a\000t\000h\000\040\000o\000f\000\040\000O\000u\000r\000\040\000S\000t\000a\000r}{section*.2}% 13
\BOOKMARK [2][-]{section*.14}{\376\377\000L\000e\000a\000v\000i\000n\000g\000\040\000t\000h\000e\000\040\000M\000a\000i\000n\000\040\000S\000e\000q\000u\000e\000n\000c\000e}{section*.13}% 14
\BOOKMARK [3][-]{section*.15}{\376\377\000E\000m\000p\000t\000y\000i\000n\000g\000\040\000H\000y\000d\000r\000o\000g\000e\000n\000\040\000s\000t\000o\000r\000e\000s\000\040\000i\000n\000\040\000t\000h\000e\000\040\000c\000o\000r\000e}{section*.14}% 15
\BOOKMARK [3][-]{section*.16}{\376\377\000S\000u\000b\000\040\000G\000i\000a\000n\000t}{section*.14}% 16
\BOOKMARK [3][-]{section*.17}{\376\377\000L\000u\000m\000i\000n\000o\000s\000i\000t\000y\000\040\000c\000l\000a\000s\000s\000i\000f\000i\000c\000a\000t\000i\000o\000n}{section*.14}% 17
\BOOKMARK [3][-]{section*.18}{\376\377\000E\000l\000e\000c\000t\000r\000o\000n\000\040\000d\000e\000g\000e\000n\000e\000r\000a\000c\000y}{section*.14}% 18
\BOOKMARK [3][-]{section*.19}{\376\377\000G\000i\000a\000n\000t}{section*.14}% 19
\BOOKMARK [2][-]{section*.20}{\376\377\000T\000h\000e\000\040\000E\000n\000d}{section*.13}% 20
\BOOKMARK [3][-]{section*.21}{\376\377\000M\000a\000s\000s}{section*.20}% 21
\BOOKMARK [3][-]{section*.22}{\376\377\000R\000a\000d\000i\000u\000s}{section*.20}% 22
\BOOKMARK [3][-]{section*.23}{\376\377\000F\000u\000n\000\040\000F\000a\000c\000t\000s}{section*.20}% 23
\BOOKMARK [1][-]{section*.24}{\376\377\000A\000p\000p\000e\000n\000d\000i\000x}{section*.2}% 24
\BOOKMARK [2][-]{section*.25}{\376\377\000D\000e\000t\000a\000i\000l\000e\000d\000\040\000H\000R\000-\000D\000i\000a\000g\000r\000a\000m}{section*.24}% 25
\BOOKMARK [1][-]{section*.26}{\376\377\000R\000e\000f\000e\000r\000e\000n\000c\000e\000s}{section*.2}% 26
