\BOOKMARK [0][-]{section*.1}{\376\377\000S\000p\000e\000c\000i\000a\000l\000\040\000R\000e\000l\000a\000t\000i\000v\000i\000t\000y}{}% 1
\BOOKMARK [1][-]{section*.2}{\376\377\000E\000x\000e\000r\000c\000i\000s\000e\000\040\0001}{section*.1}% 2
\BOOKMARK [2][-]{section*.3}{\376\377\000I\000n\000t\000r\000o\000d\000u\000c\000t\000i\000o\000n}{section*.2}% 3
\BOOKMARK [2][-]{section*.4}{\376\377\000T\000h\000e\000\040\000S\000i\000t\000u\000a\000t\000i\000o\000n}{section*.2}% 4
\BOOKMARK [2][-]{section*.5}{\376\377\000M\000e\000t\000h\000o\000d}{section*.2}% 5
\BOOKMARK [2][-]{section*.6}{\376\377\000C\000o\000n\000c\000l\000u\000s\000i\000o\000n}{section*.2}% 6
\BOOKMARK [1][-]{section*.7}{\376\377\000E\000x\000e\000r\000c\000i\000s\000e\000\040\0004}{section*.1}% 7
\BOOKMARK [2][-]{section*.8}{\376\377\000I\000n\000t\000r\000o\000d\000u\000c\000t\000i\000o\000n}{section*.7}% 8
\BOOKMARK [2][-]{section*.9}{\376\377\000T\000h\000e\000\040\000S\000i\000t\000u\000a\000t\000i\000o\000n}{section*.7}% 9
\BOOKMARK [2][-]{section*.10}{\376\377\000M\000e\000t\000h\000o\000d}{section*.7}% 10
\BOOKMARK [2][-]{section*.11}{\376\377\000C\000o\000n\000c\000l\000u\000s\000i\000o\000n}{section*.7}% 11
\BOOKMARK [1][-]{section*.12}{\376\377\000E\000x\000e\000r\000c\000i\000s\000e\000\040\0007}{section*.1}% 12
\BOOKMARK [2][-]{section*.13}{\376\377\000I\000n\000t\000r\000o\000d\000u\000c\000t\000i\000o\000n}{section*.12}% 13
\BOOKMARK [2][-]{section*.14}{\376\377\000T\000h\000e\000\040\000S\000i\000t\000u\000a\000t\000i\000o\000n}{section*.12}% 14
\BOOKMARK [2][-]{section*.15}{\376\377\000M\000e\000t\000h\000o\000d}{section*.12}% 15
\BOOKMARK [2][-]{section*.16}{\376\377\000C\000o\000n\000c\000l\000u\000s\000i\000o\000n}{section*.12}% 16
\BOOKMARK [2][-]{section*.17}{\376\377\000S\000p\000e\000c\000i\000f\000i\000c\000\040\000Q\000u\000e\000s\000t\000i\000o\000n\000s}{section*.12}% 17
\BOOKMARK [1][-]{section*.18}{\376\377\000A\000p\000p\000e\000n\000d\000i\000x}{section*.1}% 18
\BOOKMARK [2][-]{section*.19}{\376\377\000E\000x\000e\000r\000c\000i\000s\000e\000\040\0001}{section*.18}% 19
\BOOKMARK [3][-]{section*.20}{\376\377\0001\000.\0002\000.\0001}{section*.19}% 20
\BOOKMARK [3][-]{section*.21}{\376\377\0001\000.\0002\000.\0002}{section*.19}% 21
\BOOKMARK [3][-]{section*.22}{\376\377\0001\000.\0002\000.\0003}{section*.19}% 22
\BOOKMARK [3][-]{section*.23}{\376\377\0001\000.\0002\000.\0004}{section*.19}% 23
\BOOKMARK [2][-]{section*.24}{\376\377\000E\000x\000e\000r\000c\000i\000s\000e\000\040\0007}{section*.18}% 24
\BOOKMARK [2][-]{section*.25}{\376\377\000O\000t\000h\000e\000r\000\040\000d\000e\000r\000i\000v\000a\000t\000i\000o\000n\000s}{section*.18}% 25
\BOOKMARK [3][-]{section*.26}{\376\377\0001\000.\0001\000.\0002}{section*.25}% 26
\BOOKMARK [3][-]{section*.27}{\376\377\0001\000.\0001\000.\0004}{section*.25}% 27
\BOOKMARK [1][-]{section*.28}{\376\377\000A\000C\000K\000N\000O\000W\000L\000E\000D\000G\000M\000E\000N\000T\000S}{section*.1}% 28
\BOOKMARK [1][-]{section*.29}{\376\377\000R\000e\000f\000e\000r\000e\000n\000c\000e\000s}{section*.1}% 29
