\BOOKMARK [0][-]{section*.1}{\376\377\000I\000n\000t\000e\000r\000p\000l\000a\000n\000e\000t\000a\000r\000y\000\040\000R\000o\000c\000k\000e\000t\000\040\000L\000a\000u\000n\000c\000h}{}% 1
\BOOKMARK [1][-]{section*.2}{\376\377\000E\000x\000e\000r\000c\000i\000s\000e\000\040\0001}{section*.1}% 2
\BOOKMARK [2][-]{section*.3}{\376\377\000I\000n\000t\000r\000o\000d\000u\000c\000t\000i\000o\000n}{section*.2}% 3
\BOOKMARK [2][-]{section*.4}{\376\377\000S\000i\000t\000u\000a\000t\000i\000o\000n}{section*.2}% 4
\BOOKMARK [2][-]{section*.5}{\376\377\000M\000e\000t\000h\000o\000d}{section*.2}% 5
\BOOKMARK [2][-]{section*.6}{\376\377\000C\000o\000n\000c\000l\000u\000s\000i\000o\000n}{section*.2}% 6
\BOOKMARK [1][-]{section*.7}{\376\377\000E\000x\000e\000r\000c\000i\000s\000e\000\040\0002}{section*.1}% 7
\BOOKMARK [2][-]{section*.8}{\376\377\000I\000n\000t\000r\000o\000d\000u\000c\000t\000i\000o\000n}{section*.7}% 8
\BOOKMARK [2][-]{section*.9}{\376\377\000S\000i\000t\000u\000a\000t\000i\000o\000n}{section*.7}% 9
\BOOKMARK [2][-]{section*.10}{\376\377\000M\000e\000t\000h\000o\000d}{section*.7}% 10
\BOOKMARK [2][-]{section*.11}{\376\377\000C\000o\000n\000c\000l\000u\000s\000i\000o\000n}{section*.7}% 11
\BOOKMARK [1][-]{section*.12}{\376\377\000E\000x\000e\000r\000c\000i\000s\000e\000\040\0006}{section*.1}% 12
\BOOKMARK [2][-]{section*.13}{\376\377\000I\000n\000t\000r\000o\000d\000u\000c\000t\000i\000o\000n}{section*.12}% 13
\BOOKMARK [2][-]{section*.14}{\376\377\000S\000i\000t\000u\000a\000t\000i\000o\000n}{section*.12}% 14
\BOOKMARK [2][-]{section*.15}{\376\377\000M\000e\000t\000h\000o\000d}{section*.12}% 15
\BOOKMARK [2][-]{section*.16}{\376\377\000C\000o\000n\000c\000l\000u\000s\000i\000o\000n}{section*.12}% 16
\BOOKMARK [1][-]{section*.17}{\376\377\000E\000x\000e\000r\000c\000i\000s\000e\000\040\0007}{section*.1}% 17
\BOOKMARK [2][-]{section*.18}{\376\377\000I\000n\000t\000r\000o\000d\000u\000c\000t\000i\000o\000n}{section*.17}% 18
\BOOKMARK [2][-]{section*.19}{\376\377\000S\000i\000t\000u\000a\000t\000i\000o\000n}{section*.17}% 19
\BOOKMARK [2][-]{section*.20}{\376\377\000M\000e\000t\000h\000o\000d}{section*.17}% 20
\BOOKMARK [2][-]{section*.21}{\376\377\000C\000o\000n\000c\000l\000u\000s\000i\000o\000n}{section*.17}% 21
\BOOKMARK [1][-]{section*.22}{\376\377\000A\000p\000p\000e\000n\000d\000i\000x}{section*.1}% 22
\BOOKMARK [2][-]{section*.23}{\376\377\000E\000x\000e\000r\000c\000i\000s\000e\000\040\0001}{section*.22}% 23
\BOOKMARK [3][-]{section*.24}{\376\377\000D\000e\000r\000i\000v\000a\000t\000i\000o\000n\000\040\000o\000f\000\040\000t\000i\000m\000e\000\040\000i\000n\000t\000e\000r\000v\000a\000l\000\040\000d\000i\000f\000f\000e\000r\000e\000n\000c\000e}{section*.23}% 24
\BOOKMARK [3][-]{section*.25}{\376\377\000E\000x\000e\000r\000c\000i\000s\000e\000\040\0001\000.\0003}{section*.23}% 25
\BOOKMARK [1][-]{section*.26}{\376\377\000R\000e\000f\000e\000r\000e\000n\000c\000e\000s}{section*.1}% 26
